[1mpy310-ansible-4 create: /home/runner/work/ansible-role-nfs/ansible-role-nfs/nephelaiio.nfs/.tox/py310-ansible-4
[0m[1mpy310-ansible-4 installdeps: ansible == 4.*, molecule[docker], netaddr, docker == 5.*, ansible-lint == 5.*, markupsafe == 2.0.1
[0m[1mpy310-ansible-4 installed: ansible==4.10.0,ansible-compat==2.1.0,ansible-core==2.11.12,ansible-lint==5.4.0,arrow==1.2.2,attrs==21.4.0,bcrypt==3.2.2,binaryornot==0.4.4,bracex==2.3.post1,Cerberus==1.3.2,certifi==2022.5.18.1,cffi==1.15.0,chardet==4.0.0,charset-normalizer==2.0.12,click==8.1.3,click-help-colors==0.9.1,commonmark==0.9.1,cookiecutter==2.1.1,cryptography==37.0.2,distro==1.7.0,docker==5.0.3,enrich==1.2.7,idna==3.3,Jinja2==3.1.2,jinja2-time==0.2.0,jsonschema==4.6.0,MarkupSafe==2.0.1,molecule==3.6.1,molecule-docker==1.1.0,netaddr==0.8.0,packaging==21.3,paramiko==2.11.0,pluggy==1.0.0,pycparser==2.21,Pygments==2.12.0,PyNaCl==1.5.0,pyparsing==3.0.9,pyrsistent==0.18.1,python-dateutil==2.8.2,python-slugify==6.1.2,PyYAML==6.0,requests==2.28.0,resolvelib==0.5.4,rich==12.4.4,ruamel.yaml==0.17.21,ruamel.yaml.clib==0.2.6,selinux==0.2.1,six==1.16.0,subprocess-tee==0.3.5,tenacity==8.0.1,text-unidecode==1.3,urllib3==1.26.9,wcmatch==8.4,websocket-client==1.3.2
[0m[1mpy310-ansible-4 run-test-pre: PYTHONHASHSEED='816106207'
[0m[1mpy310-ansible-4 run-test: commands[0] | molecule test
[0m[34mINFO    [0m default scenario test matrix: dependency, lint, cleanup, destroy, syntax, create, prepare, converge, idempotence, side_effect, verify, cleanup, destroy
[34mINFO    [0m Performing prerun[33m...[0m
[34mINFO    [0m Running ansible-galaxy role install -vr requirements.yml --roles-path [35m/home/runner/.cache/ansible-compat/10cffd/[0m[95mroles[0m
[34mINFO    [0m Running ansible-galaxy collection install -vr requirements.yml -p [35m/home/runner/.cache/ansible-compat/10cffd/[0m[95mcollections[0m
[34mINFO    [0m Set [33mANSIBLE_LIBRARY[0m=[35m/home/runner/.cache/ansible-compat/10cffd/[0m[95mmodules[0m:[35m/home/runner/.ansible/plugins/[0m[95mmodules[0m:[35m/usr/share/ansible/plugins/[0m[95mmodules[0m
[34mINFO    [0m Set [33mANSIBLE_COLLECTIONS_PATH[0m=[35m/home/runner/.cache/ansible-compat/10cffd/[0m[95mcollections[0m:[35m/home/runner/.ansible/[0m[95mcollections[0m:[35m/usr/share/ansible/[0m[95mcollections[0m
[34mINFO    [0m Set [33mANSIBLE_ROLES_PATH[0m=[35m/home/runner/.cache/ansible-compat/10cffd/[0m[95mroles[0m:[35m/home/runner/work/ansible-role-nfs/[0m[95mansible-role-nfs[0m:..[35m/[0m
[34mINFO    [0m Using [35m/home/runner/.cache/ansible-compat/10cffd/roles/[0m[95mnephelaiio.nfs[0m symlink to current repository in order to enable Ansible to find the role using its expected full name.
[34mINFO    [0m [2;36mRunning [0m[2;32mdefault[0m[2;36m > [0m[2;32mdependency[0m
[34mINFO    [0m Running ansible-galaxy collection install -v community.docker:>=[1;36m1.9[0m.[1;36m1[0m
Starting galaxy role install process
- downloading role 'plugins', owned by nephelaiio
- downloading role from https://github.com/nephelaiio/ansible-role-plugins/archive/2.0.4.tar.gz
- extracting nephelaiio.plugins to /home/runner/.cache/molecule/nephelaiio.nfs/default/roles/nephelaiio.plugins
- nephelaiio.plugins (2.0.4) was installed successfully
[34mINFO    [0m Dependency completed successfully.
Skipping install, no requirements found
[34mINFO    [0m Dependency completed successfully.
[34mINFO    [0m [2;36mRunning [0m[2;32mdefault[0m[2;36m > [0m[2;32mlint[0m
[34mINFO    [0m [2;36mRunning [0m[2;32mdefault[0m[2;36m > [0m[2;32mcleanup[0m
[31mWARNING [0m Skipping, cleanup playbook not configured.
[34mINFO    [0m [2;36mRunning [0m[2;32mdefault[0m[2;36m > [0m[2;32mdestroy[0m
[34mINFO    [0m Sanity checks: [32m'docker'[0m

PLAY [Destroy] *****************************************************************

TASK [Destroy molecule instance(s)] ********************************************
[32mok: [localhost] => (item=None)[0m
[32mok: [localhost][0m

PLAY RECAP *********************************************************************
[32mlocalhost[0m                  : [32mok=1   [0m changed=0    unreachable=0    failed=0    skipped=0    rescued=0    ignored=0

[34mINFO    [0m [2;36mRunning [0m[2;32mdefault[0m[2;36m > [0m[2;32msyntax[0m

playbook: /home/runner/work/ansible-role-nfs/ansible-role-nfs/nephelaiio.nfs/molecule/default/converge.yml
[34mINFO    [0m [2;36mRunning [0m[2;32mdefault[0m[2;36m > [0m[2;32mcreate[0m

PLAY [Create] ******************************************************************

TASK [Log into a Docker registry] **********************************************
[36mskipping: [localhost] => (item=None) [0m
[36mskipping: [localhost][0m

TASK [Check presence of custom Dockerfiles] ************************************
[32mok: [localhost] => (item={'command': '', 'image': 'geerlingguy/docker-centos7-ansible:latest', 'name': 'instance', 'pre_build_image': True, 'privileged': True, 'volumes': ['/sys/fs/cgroup:/sys/fs/cgroup:ro']})[0m

TASK [Create Dockerfiles from image names] *************************************
[36mskipping: [localhost] => (item={'command': '', 'image': 'geerlingguy/docker-centos7-ansible:latest', 'name': 'instance', 'pre_build_image': True, 'privileged': True, 'volumes': ['/sys/fs/cgroup:/sys/fs/cgroup:ro']})[0m

TASK [Discover local Docker images] ********************************************
[32mok: [localhost] => (item={'changed': False, 'skipped': True, 'skip_reason': 'Conditional result was False', 'item': {'command': '', 'image': 'geerlingguy/docker-centos7-ansible:latest', 'name': 'instance', 'pre_build_image': True, 'privileged': True, 'volumes': ['/sys/fs/cgroup:/sys/fs/cgroup:ro']}, 'ansible_loop_var': 'item', 'i': 0, 'ansible_index_var': 'i'})[0m

TASK [Build an Ansible compatible image (new)] *********************************
[36mskipping: [localhost] => (item=molecule_local/geerlingguy/docker-centos7-ansible:latest)[0m

TASK [Create docker network(s)] ************************************************

TASK [Determine the CMD directives] ********************************************
[32mok: [localhost] => (item={'command': '', 'image': 'geerlingguy/docker-centos7-ansible:latest', 'name': 'instance', 'pre_build_image': True, 'privileged': True, 'volumes': ['/sys/fs/cgroup:/sys/fs/cgroup:ro']})[0m

TASK [Create molecule instance(s)] *********************************************
[33mchanged: [localhost] => (item=instance)[0m

TASK [Wait for instance(s) creation to complete] *******************************
[1;30mFAILED - RETRYING: Wait for instance(s) creation to complete (300 retries left).[0m
[1;30mFAILED - RETRYING: Wait for instance(s) creation to complete (299 retries left).[0m
[1;30mFAILED - RETRYING: Wait for instance(s) creation to complete (298 retries left).[0m
[1;30mFAILED - RETRYING: Wait for instance(s) creation to complete (297 retries left).[0m
[1;30mFAILED - RETRYING: Wait for instance(s) creation to complete (296 retries left).[0m
[1;30mFAILED - RETRYING: Wait for instance(s) creation to complete (295 retries left).[0m
[33mchanged: [localhost] => (item={'started': 1, 'finished': 0, 'ansible_job_id': '37792123017.2107', 'results_file': '/home/runner/.ansible_async/37792123017.2107', 'changed': True, 'failed': False, 'item': {'command': '', 'image': 'geerlingguy/docker-centos7-ansible:latest', 'name': 'instance', 'pre_build_image': True, 'privileged': True, 'volumes': ['/sys/fs/cgroup:/sys/fs/cgroup:ro']}, 'ansible_loop_var': 'item'})[0m

PLAY RECAP *********************************************************************
[33mlocalhost[0m                  : [32mok=5   [0m [33mchanged=2   [0m unreachable=0    failed=0    [36mskipped=4   [0m rescued=0    ignored=0

[34mINFO    [0m [2;36mRunning [0m[2;32mdefault[0m[2;36m > [0m[2;32mprepare[0m

PLAY [prepare] *****************************************************************

PLAY RECAP *********************************************************************

[34mINFO    [0m [2;36mRunning [0m[2;32mdefault[0m[2;36m > [0m[2;32mconverge[0m

PLAY [converge] ****************************************************************

TASK [Gathering Facts] *********************************************************
[32mok: [instance][0m

TASK [update apt package cache] ************************************************
[36mskipping: [instance][0m

TASK [nephelaiio.nfs : set variable overrides] *********************************
[32mok: [instance][0m

TASK [nephelaiio.nfs : install nfs client packages] ****************************
[33mchanged: [instance][0m

TASK [nephelaiio.nfs : install nfs server packages] ****************************
[32mok: [instance][0m

TASK [nephelaiio.nfs : create nfs export directories] **************************

TASK [nephelaiio.nfs : configure nfs exports] **********************************
[33mchanged: [instance][0m

TASK [nephelaiio.nfs : manage nfs server services] *****************************
[33mchanged: [instance] => (item=rpcbind)[0m
[33mchanged: [instance] => (item=nfs-server)[0m

TASK [nephelaiio.nfs : manage nfs client services] *****************************
[32mok: [instance] => (item=rpcbind)[0m

RUNNING HANDLER [nephelaiio.nfs : reload nfs] **********************************
[33mchanged: [instance][0m

PLAY RECAP *********************************************************************
[33minstance[0m                   : [32mok=8   [0m [33mchanged=4   [0m unreachable=0    failed=0    [36mskipped=2   [0m rescued=0    ignored=0

[34mINFO    [0m [2;36mRunning [0m[2;32mdefault[0m[2;36m > [0m[2;32midempotence[0m

PLAY [converge] ****************************************************************

TASK [Gathering Facts] *********************************************************
[32mok: [instance][0m

TASK [update apt package cache] ************************************************
[36mskipping: [instance][0m

TASK [nephelaiio.nfs : set variable overrides] *********************************
[32mok: [instance][0m

TASK [nephelaiio.nfs : install nfs client packages] ****************************
[32mok: [instance][0m

TASK [nephelaiio.nfs : install nfs server packages] ****************************
[32mok: [instance][0m

TASK [nephelaiio.nfs : create nfs export directories] **************************

TASK [nephelaiio.nfs : configure nfs exports] **********************************
[32mok: [instance][0m

TASK [nephelaiio.nfs : manage nfs server services] *****************************
[32mok: [instance] => (item=rpcbind)[0m
[32mok: [instance] => (item=nfs-server)[0m

TASK [nephelaiio.nfs : manage nfs client services] *****************************
[32mok: [instance] => (item=rpcbind)[0m

PLAY RECAP *********************************************************************
[32minstance[0m                   : [32mok=7   [0m changed=0    unreachable=0    failed=0    [36mskipped=2   [0m rescued=0    ignored=0

[34mINFO    [0m Idempotence completed successfully.
[34mINFO    [0m [2;36mRunning [0m[2;32mdefault[0m[2;36m > [0m[2;32mside_effect[0m
[31mWARNING [0m Skipping, side effect playbook not configured.
[34mINFO    [0m [2;36mRunning [0m[2;32mdefault[0m[2;36m > [0m[2;32mverify[0m
[31mWARNING [0m Skipping, no tests found.
[34mINFO    [0m [2;36mRunning [0m[2;32mdefault[0m[2;36m > [0m[2;32mcleanup[0m
[31mWARNING [0m Skipping, cleanup playbook not configured.
[34mINFO    [0m [2;36mRunning [0m[2;32mdefault[0m[2;36m > [0m[2;32mdestroy[0m

PLAY [Destroy] *****************************************************************

TASK [Destroy molecule instance(s)] ********************************************
[33mchanged: [localhost] => (item=None)[0m
[33mchanged: [localhost][0m

PLAY RECAP *********************************************************************
[33mlocalhost[0m                  : [32mok=1   [0m [33mchanged=1   [0m unreachable=0    failed=0    skipped=0    rescued=0    ignored=0

[34mINFO    [0m Pruning extra files from scenario ephemeral directory
[1mpy310-ansible-5 create: /home/runner/work/ansible-role-nfs/ansible-role-nfs/nephelaiio.nfs/.tox/py310-ansible-5
[0m[1mpy310-ansible-5 installdeps: ansible == 5.*, molecule[docker], netaddr, docker == 5.*, ansible-lint == 5.*, markupsafe == 2.0.1
[0m[1mpy310-ansible-5 installed: ansible==5.9.0,ansible-compat==2.1.0,ansible-core==2.12.6,ansible-lint==5.4.0,arrow==1.2.2,attrs==21.4.0,bcrypt==3.2.2,binaryornot==0.4.4,bracex==2.3.post1,Cerberus==1.3.2,certifi==2022.5.18.1,cffi==1.15.0,chardet==4.0.0,charset-normalizer==2.0.12,click==8.1.3,click-help-colors==0.9.1,commonmark==0.9.1,cookiecutter==2.1.1,cryptography==37.0.2,distro==1.7.0,docker==5.0.3,enrich==1.2.7,idna==3.3,Jinja2==3.1.2,jinja2-time==0.2.0,jsonschema==4.6.0,MarkupSafe==2.0.1,molecule==3.6.1,molecule-docker==1.1.0,netaddr==0.8.0,packaging==21.3,paramiko==2.11.0,pluggy==1.0.0,pycparser==2.21,Pygments==2.12.0,PyNaCl==1.5.0,pyparsing==3.0.9,pyrsistent==0.18.1,python-dateutil==2.8.2,python-slugify==6.1.2,PyYAML==6.0,requests==2.28.0,resolvelib==0.5.4,rich==12.4.4,ruamel.yaml==0.17.21,ruamel.yaml.clib==0.2.6,selinux==0.2.1,six==1.16.0,subprocess-tee==0.3.5,tenacity==8.0.1,text-unidecode==1.3,urllib3==1.26.9,wcmatch==8.4,websocket-client==1.3.2
[0m[1mpy310-ansible-5 run-test-pre: PYTHONHASHSEED='816106207'
[0m[1mpy310-ansible-5 run-test: commands[0] | molecule test
[0m[34mINFO    [0m default scenario test matrix: dependency, lint, cleanup, destroy, syntax, create, prepare, converge, idempotence, side_effect, verify, cleanup, destroy
[34mINFO    [0m Performing prerun[33m...[0m
[34mINFO    [0m Running ansible-galaxy role install -vr requirements.yml --roles-path [35m/home/runner/.cache/ansible-compat/10cffd/[0m[95mroles[0m
[34mINFO    [0m Running ansible-galaxy collection install -vr requirements.yml -p [35m/home/runner/.cache/ansible-compat/10cffd/[0m[95mcollections[0m
[34mINFO    [0m Set [33mANSIBLE_LIBRARY[0m=[35m/home/runner/.cache/ansible-compat/10cffd/[0m[95mmodules[0m:[35m/home/runner/.ansible/plugins/[0m[95mmodules[0m:[35m/usr/share/ansible/plugins/[0m[95mmodules[0m
[34mINFO    [0m Set [33mANSIBLE_COLLECTIONS_PATH[0m=[35m/home/runner/.cache/ansible-compat/10cffd/[0m[95mcollections[0m:[35m/home/runner/.ansible/[0m[95mcollections[0m:[35m/usr/share/ansible/[0m[95mcollections[0m
[34mINFO    [0m Set [33mANSIBLE_ROLES_PATH[0m=[35m/home/runner/.cache/ansible-compat/10cffd/[0m[95mroles[0m:[35m/home/runner/work/ansible-role-nfs/[0m[95mansible-role-nfs[0m:..[35m/[0m
[34mINFO    [0m Using [35m/home/runner/.cache/ansible-compat/10cffd/roles/[0m[95mnephelaiio.nfs[0m symlink to current repository in order to enable Ansible to find the role using its expected full name.
[34mINFO    [0m [2;36mRunning [0m[2;32mdefault[0m[2;36m > [0m[2;32mdependency[0m
Starting galaxy role install process
- downloading role 'plugins', owned by nephelaiio
- downloading role from https://github.com/nephelaiio/ansible-role-plugins/archive/2.0.4.tar.gz
- extracting nephelaiio.plugins to /home/runner/.cache/molecule/nephelaiio.nfs/default/roles/nephelaiio.plugins
- nephelaiio.plugins (2.0.4) was installed successfully
[34mINFO    [0m Dependency completed successfully.
Skipping install, no requirements found
[34mINFO    [0m Dependency completed successfully.
[34mINFO    [0m [2;36mRunning [0m[2;32mdefault[0m[2;36m > [0m[2;32mlint[0m
[34mINFO    [0m [2;36mRunning [0m[2;32mdefault[0m[2;36m > [0m[2;32mcleanup[0m
[31mWARNING [0m Skipping, cleanup playbook not configured.
[34mINFO    [0m [2;36mRunning [0m[2;32mdefault[0m[2;36m > [0m[2;32mdestroy[0m
[34mINFO    [0m Sanity checks: [32m'docker'[0m

PLAY [Destroy] *****************************************************************

TASK [Destroy molecule instance(s)] ********************************************
[32mok: [localhost] => (item=None)[0m
[32mok: [localhost][0m

PLAY RECAP *********************************************************************
[32mlocalhost[0m                  : [32mok=1   [0m changed=0    unreachable=0    failed=0    skipped=0    rescued=0    ignored=0

[34mINFO    [0m [2;36mRunning [0m[2;32mdefault[0m[2;36m > [0m[2;32msyntax[0m

playbook: /home/runner/work/ansible-role-nfs/ansible-role-nfs/nephelaiio.nfs/molecule/default/converge.yml
[34mINFO    [0m [2;36mRunning [0m[2;32mdefault[0m[2;36m > [0m[2;32mcreate[0m

PLAY [Create] ******************************************************************

TASK [Log into a Docker registry] **********************************************
[36mskipping: [localhost] => (item=None) [0m
[36mskipping: [localhost][0m

TASK [Check presence of custom Dockerfiles] ************************************
[32mok: [localhost] => (item={'command': '', 'image': 'geerlingguy/docker-centos7-ansible:latest', 'name': 'instance', 'pre_build_image': True, 'privileged': True, 'volumes': ['/sys/fs/cgroup:/sys/fs/cgroup:ro']})[0m

TASK [Create Dockerfiles from image names] *************************************
[36mskipping: [localhost] => (item={'command': '', 'image': 'geerlingguy/docker-centos7-ansible:latest', 'name': 'instance', 'pre_build_image': True, 'privileged': True, 'volumes': ['/sys/fs/cgroup:/sys/fs/cgroup:ro']})[0m

TASK [Discover local Docker images] ********************************************
[32mok: [localhost] => (item={'changed': False, 'skipped': True, 'skip_reason': 'Conditional result was False', 'item': {'command': '', 'image': 'geerlingguy/docker-centos7-ansible:latest', 'name': 'instance', 'pre_build_image': True, 'privileged': True, 'volumes': ['/sys/fs/cgroup:/sys/fs/cgroup:ro']}, 'ansible_loop_var': 'item', 'i': 0, 'ansible_index_var': 'i'})[0m

TASK [Build an Ansible compatible image (new)] *********************************
[36mskipping: [localhost] => (item=molecule_local/geerlingguy/docker-centos7-ansible:latest)[0m

TASK [Create docker network(s)] ************************************************

TASK [Determine the CMD directives] ********************************************
[32mok: [localhost] => (item={'command': '', 'image': 'geerlingguy/docker-centos7-ansible:latest', 'name': 'instance', 'pre_build_image': True, 'privileged': True, 'volumes': ['/sys/fs/cgroup:/sys/fs/cgroup:ro']})[0m

TASK [Create molecule instance(s)] *********************************************
[33mchanged: [localhost] => (item=instance)[0m

TASK [Wait for instance(s) creation to complete] *******************************
[1;30mFAILED - RETRYING: [localhost]: Wait for instance(s) creation to complete (300 retries left).[0m
[33mchanged: [localhost] => (item={'failed': 0, 'started': 1, 'finished': 0, 'ansible_job_id': '199547353521.6609', 'results_file': '/home/runner/.ansible_async/199547353521.6609', 'changed': True, 'item': {'command': '', 'image': 'geerlingguy/docker-centos7-ansible:latest', 'name': 'instance', 'pre_build_image': True, 'privileged': True, 'volumes': ['/sys/fs/cgroup:/sys/fs/cgroup:ro']}, 'ansible_loop_var': 'item'})[0m

PLAY RECAP *********************************************************************
[33mlocalhost[0m                  : [32mok=5   [0m [33mchanged=2   [0m unreachable=0    failed=0    [36mskipped=4   [0m rescued=0    ignored=0

[34mINFO    [0m [2;36mRunning [0m[2;32mdefault[0m[2;36m > [0m[2;32mprepare[0m

PLAY [prepare] *****************************************************************

PLAY RECAP *********************************************************************

[34mINFO    [0m [2;36mRunning [0m[2;32mdefault[0m[2;36m > [0m[2;32mconverge[0m

PLAY [converge] ****************************************************************

TASK [Gathering Facts] *********************************************************
[32mok: [instance][0m

TASK [update apt package cache] ************************************************
[36mskipping: [instance][0m

TASK [nephelaiio.nfs : set variable overrides] *********************************
[32mok: [instance][0m

TASK [nephelaiio.nfs : install nfs client packages] ****************************
[33mchanged: [instance][0m

TASK [nephelaiio.nfs : install nfs server packages] ****************************
[32mok: [instance][0m

TASK [nephelaiio.nfs : create nfs export directories] **************************

TASK [nephelaiio.nfs : configure nfs exports] **********************************
[33mchanged: [instance][0m

TASK [nephelaiio.nfs : manage nfs server services] *****************************
[33mchanged: [instance] => (item=rpcbind)[0m
[33mchanged: [instance] => (item=nfs-server)[0m

TASK [nephelaiio.nfs : manage nfs client services] *****************************
[32mok: [instance] => (item=rpcbind)[0m

RUNNING HANDLER [nephelaiio.nfs : reload nfs] **********************************
[33mchanged: [instance][0m

PLAY RECAP *********************************************************************
[33minstance[0m                   : [32mok=8   [0m [33mchanged=4   [0m unreachable=0    failed=0    [36mskipped=2   [0m rescued=0    ignored=0

[34mINFO    [0m [2;36mRunning [0m[2;32mdefault[0m[2;36m > [0m[2;32midempotence[0m

PLAY [converge] ****************************************************************

TASK [Gathering Facts] *********************************************************
[32mok: [instance][0m

TASK [update apt package cache] ************************************************
[36mskipping: [instance][0m

TASK [nephelaiio.nfs : set variable overrides] *********************************
[32mok: [instance][0m

TASK [nephelaiio.nfs : install nfs client packages] ****************************
[32mok: [instance][0m

TASK [nephelaiio.nfs : install nfs server packages] ****************************
[32mok: [instance][0m

TASK [nephelaiio.nfs : create nfs export directories] **************************

TASK [nephelaiio.nfs : configure nfs exports] **********************************
[32mok: [instance][0m

TASK [nephelaiio.nfs : manage nfs server services] *****************************
[32mok: [instance] => (item=rpcbind)[0m
[32mok: [instance] => (item=nfs-server)[0m

TASK [nephelaiio.nfs : manage nfs client services] *****************************
[32mok: [instance] => (item=rpcbind)[0m

PLAY RECAP *********************************************************************
[32minstance[0m                   : [32mok=7   [0m changed=0    unreachable=0    failed=0    [36mskipped=2   [0m rescued=0    ignored=0

[34mINFO    [0m Idempotence completed successfully.
[34mINFO    [0m [2;36mRunning [0m[2;32mdefault[0m[2;36m > [0m[2;32mside_effect[0m
[31mWARNING [0m Skipping, side effect playbook not configured.
[34mINFO    [0m [2;36mRunning [0m[2;32mdefault[0m[2;36m > [0m[2;32mverify[0m
[31mWARNING [0m Skipping, no tests found.
[34mINFO    [0m [2;36mRunning [0m[2;32mdefault[0m[2;36m > [0m[2;32mcleanup[0m
[31mWARNING [0m Skipping, cleanup playbook not configured.
[34mINFO    [0m [2;36mRunning [0m[2;32mdefault[0m[2;36m > [0m[2;32mdestroy[0m

PLAY [Destroy] *****************************************************************

TASK [Destroy molecule instance(s)] ********************************************
[33mchanged: [localhost] => (item=None)[0m
[33mchanged: [localhost][0m

PLAY RECAP *********************************************************************
[33mlocalhost[0m                  : [32mok=1   [0m [33mchanged=1   [0m unreachable=0    failed=0    skipped=0    rescued=0    ignored=0

[34mINFO    [0m Pruning extra files from scenario ephemeral directory
___________________________________ summary ____________________________________
[32m  py310-ansible-4: commands succeeded
[0m[32m  py310-ansible-5: commands succeeded
[0m[32m  congratulations :)
[0m